e:\projekt_cpp_magazyn\projekt\magazyn\magazyn\magazyn\x64\release\vc140.pdb
e:\projekt_cpp_magazyn\projekt\magazyn\magazyn\magazyn\x64\release\magazin.obj
e:\projekt_cpp_magazyn\projekt\magazyn\magazyn\magazyn\x64\release\login.obj
e:\projekt_cpp_magazyn\projekt\magazyn\magazyn\magazyn\x64\release\base.obj
e:\projekt_cpp_magazyn\projekt\magazyn\magazyn\x64\release\magazyn.exe
e:\projekt_cpp_magazyn\projekt\magazyn\magazyn\x64\release\magazyn.pdb
e:\projekt_cpp_magazyn\projekt\magazyn\magazyn\x64\release\mysql.data.dll
e:\projekt_cpp_magazyn\projekt\magazyn\magazyn\magazyn\x64\release\magazyn.login.resources
e:\projekt_cpp_magazyn\projekt\magazyn\magazyn\magazyn\x64\release\magazyn.magazin.resources
e:\projekt_cpp_magazyn\projekt\magazyn\magazyn\magazyn\x64\release\magazyn.tlog\metagen.write.1.tlog
e:\projekt_cpp_magazyn\projekt\magazyn\magazyn\magazyn\x64\release\magazyn.vcxproj.generateresource.cache
e:\projekt_cpp_magazyn\projekt\magazyn\magazyn\magazyn\x64\release\magazyn.tlog\cl.command.1.tlog
e:\projekt_cpp_magazyn\projekt\magazyn\magazyn\magazyn\x64\release\magazyn.tlog\cl.read.1.tlog
e:\projekt_cpp_magazyn\projekt\magazyn\magazyn\magazyn\x64\release\magazyn.tlog\cl.write.1.tlog
e:\projekt_cpp_magazyn\projekt\magazyn\magazyn\magazyn\x64\release\magazyn.tlog\link.command.1.tlog
e:\projekt_cpp_magazyn\projekt\magazyn\magazyn\magazyn\x64\release\magazyn.tlog\link.read.1.tlog
e:\projekt_cpp_magazyn\projekt\magazyn\magazyn\magazyn\x64\release\magazyn.tlog\link.write.1.tlog
e:\projekt_cpp_magazyn\projekt\magazyn\magazyn\magazyn\x64\release\magazyn.tlog\magazyn.write.1u.tlog
e:\projekt_cpp_magazyn\projekt\magazyn\magazyn\magazyn\x64\release\magazyn.tlog\metagen.read.1.tlog
e:\projekt_cpp_magazyn\projekt\magazyn\magazyn\magazyn\x64\release\magazyn.tlog\mysql.data.dll.metagen
