e:\projekt_cpp_magazyn\projekt\magazyn\magazyn\magazyn\debug\vc140.pdb
e:\projekt_cpp_magazyn\projekt\magazyn\magazyn\magazyn\debug\magazin.obj
e:\projekt_cpp_magazyn\projekt\magazyn\magazyn\magazyn\debug\login.obj
e:\projekt_cpp_magazyn\projekt\magazyn\magazyn\magazyn\debug\base.obj
e:\projekt_cpp_magazyn\projekt\magazyn\magazyn\debug\magazyn.exe
e:\projekt_cpp_magazyn\projekt\magazyn\magazyn\debug\magazyn.pdb
e:\projekt_cpp_magazyn\projekt\magazyn\magazyn\debug\mysql.data.dll
e:\projekt_cpp_magazyn\projekt\magazyn\magazyn\magazyn\debug\magazyn.login.resources
e:\projekt_cpp_magazyn\projekt\magazyn\magazyn\magazyn\debug\magazyn.magazin.resources
e:\projekt_cpp_magazyn\projekt\magazyn\magazyn\magazyn\debug\magazyn.tlog\metagen.write.1.tlog
e:\projekt_cpp_magazyn\projekt\magazyn\magazyn\magazyn\debug\magazyn.vcxproj.generateresource.cache
e:\projekt_cpp_magazyn\projekt\magazyn\magazyn\magazyn\debug\magazyn.vcxprojresolveassemblyreference.cache
e:\projekt_cpp_magazyn\projekt\magazyn\magazyn\magazyn\debug\magazyn.tlog\cl.command.1.tlog
e:\projekt_cpp_magazyn\projekt\magazyn\magazyn\magazyn\debug\magazyn.tlog\cl.read.1.tlog
e:\projekt_cpp_magazyn\projekt\magazyn\magazyn\magazyn\debug\magazyn.tlog\cl.write.1.tlog
e:\projekt_cpp_magazyn\projekt\magazyn\magazyn\magazyn\debug\magazyn.tlog\link.command.1.tlog
e:\projekt_cpp_magazyn\projekt\magazyn\magazyn\magazyn\debug\magazyn.tlog\link.read.1.tlog
e:\projekt_cpp_magazyn\projekt\magazyn\magazyn\magazyn\debug\magazyn.tlog\link.write.1.tlog
e:\projekt_cpp_magazyn\projekt\magazyn\magazyn\magazyn\debug\magazyn.tlog\magazyn.write.1u.tlog
e:\projekt_cpp_magazyn\projekt\magazyn\magazyn\magazyn\debug\magazyn.tlog\metagen.read.1.tlog
e:\projekt_cpp_magazyn\projekt\magazyn\magazyn\magazyn\debug\magazyn.tlog\mysql.data.dll.metagen
