e:\projekt_cpp_magazyn\projekt\magazyn\magazyn\magazyn\x64\debug\vc140.pdb
e:\projekt_cpp_magazyn\projekt\magazyn\magazyn\magazyn\x64\debug\magazin.obj
e:\projekt_cpp_magazyn\projekt\magazyn\magazyn\magazyn\x64\debug\login.obj
e:\projekt_cpp_magazyn\projekt\magazyn\magazyn\magazyn\x64\debug\base.obj
e:\projekt_cpp_magazyn\projekt\magazyn\magazyn\x64\debug\mysql.data.dll
e:\projekt_cpp_magazyn\projekt\magazyn\magazyn\magazyn\x64\debug\magazyn.login.resources
e:\projekt_cpp_magazyn\projekt\magazyn\magazyn\magazyn\x64\debug\magazyn.magazin.resources
e:\projekt_cpp_magazyn\projekt\magazyn\magazyn\magazyn\x64\debug\magazyn.tlog\metagen.write.1.tlog
e:\projekt_cpp_magazyn\projekt\magazyn\magazyn\magazyn\x64\debug\magazyn.vcxproj.generateresource.cache
e:\projekt_cpp_magazyn\projekt\magazyn\magazyn\magazyn\x64\debug\magazyn.vcxprojresolveassemblyreference.cache
e:\projekt_cpp_magazyn\projekt\magazyn\magazyn\x64\debug\magazyn.pdb
e:\projekt_cpp_magazyn\projekt\magazyn\magazyn\magazyn\x64\debug\magazyn.tlog\cl.command.1.tlog
e:\projekt_cpp_magazyn\projekt\magazyn\magazyn\magazyn\x64\debug\magazyn.tlog\cl.read.1.tlog
e:\projekt_cpp_magazyn\projekt\magazyn\magazyn\magazyn\x64\debug\magazyn.tlog\cl.write.1.tlog
e:\projekt_cpp_magazyn\projekt\magazyn\magazyn\magazyn\x64\debug\magazyn.tlog\link.15472.14892-cvtres.read.1.tlog
e:\projekt_cpp_magazyn\projekt\magazyn\magazyn\magazyn\x64\debug\magazyn.tlog\link.15472.14892-cvtres.write.1.tlog
e:\projekt_cpp_magazyn\projekt\magazyn\magazyn\magazyn\x64\debug\magazyn.tlog\link.15472.14892-rc.read.1.tlog
e:\projekt_cpp_magazyn\projekt\magazyn\magazyn\magazyn\x64\debug\magazyn.tlog\link.15472.14892-rc.write.1.tlog
e:\projekt_cpp_magazyn\projekt\magazyn\magazyn\magazyn\x64\debug\magazyn.tlog\link.15472.14892.read.1.tlog
e:\projekt_cpp_magazyn\projekt\magazyn\magazyn\magazyn\x64\debug\magazyn.tlog\link.15472.14892.write.1.tlog
e:\projekt_cpp_magazyn\projekt\magazyn\magazyn\magazyn\x64\debug\magazyn.tlog\link.15472.read.1.tlog
e:\projekt_cpp_magazyn\projekt\magazyn\magazyn\magazyn\x64\debug\magazyn.tlog\link.15472.write.1.tlog
e:\projekt_cpp_magazyn\projekt\magazyn\magazyn\magazyn\x64\debug\magazyn.tlog\link.3040.10408-cvtres.read.1.tlog
e:\projekt_cpp_magazyn\projekt\magazyn\magazyn\magazyn\x64\debug\magazyn.tlog\link.3040.10408-cvtres.write.1.tlog
e:\projekt_cpp_magazyn\projekt\magazyn\magazyn\magazyn\x64\debug\magazyn.tlog\link.3040.10408-rc.read.1.tlog
e:\projekt_cpp_magazyn\projekt\magazyn\magazyn\magazyn\x64\debug\magazyn.tlog\link.3040.10408-rc.write.1.tlog
e:\projekt_cpp_magazyn\projekt\magazyn\magazyn\magazyn\x64\debug\magazyn.tlog\link.3040.10408.read.1.tlog
e:\projekt_cpp_magazyn\projekt\magazyn\magazyn\magazyn\x64\debug\magazyn.tlog\link.3040.10408.write.1.tlog
e:\projekt_cpp_magazyn\projekt\magazyn\magazyn\magazyn\x64\debug\magazyn.tlog\link.3040.read.1.tlog
e:\projekt_cpp_magazyn\projekt\magazyn\magazyn\magazyn\x64\debug\magazyn.tlog\link.3040.write.1.tlog
e:\projekt_cpp_magazyn\projekt\magazyn\magazyn\magazyn\x64\debug\magazyn.tlog\link.8476.2056-cvtres.read.1.tlog
e:\projekt_cpp_magazyn\projekt\magazyn\magazyn\magazyn\x64\debug\magazyn.tlog\link.8476.2056-cvtres.write.1.tlog
e:\projekt_cpp_magazyn\projekt\magazyn\magazyn\magazyn\x64\debug\magazyn.tlog\link.8476.2056-rc.read.1.tlog
e:\projekt_cpp_magazyn\projekt\magazyn\magazyn\magazyn\x64\debug\magazyn.tlog\link.8476.2056-rc.write.1.tlog
e:\projekt_cpp_magazyn\projekt\magazyn\magazyn\magazyn\x64\debug\magazyn.tlog\link.8476.2056.read.1.tlog
e:\projekt_cpp_magazyn\projekt\magazyn\magazyn\magazyn\x64\debug\magazyn.tlog\link.8476.2056.write.1.tlog
e:\projekt_cpp_magazyn\projekt\magazyn\magazyn\magazyn\x64\debug\magazyn.tlog\link.8476.read.1.tlog
e:\projekt_cpp_magazyn\projekt\magazyn\magazyn\magazyn\x64\debug\magazyn.tlog\link.8476.write.1.tlog
e:\projekt_cpp_magazyn\projekt\magazyn\magazyn\magazyn\x64\debug\magazyn.tlog\link.command.1.tlog
e:\projekt_cpp_magazyn\projekt\magazyn\magazyn\magazyn\x64\debug\magazyn.tlog\link.read.1.tlog
e:\projekt_cpp_magazyn\projekt\magazyn\magazyn\magazyn\x64\debug\magazyn.tlog\link.write.1.tlog
e:\projekt_cpp_magazyn\projekt\magazyn\magazyn\magazyn\x64\debug\magazyn.tlog\magazyn.write.1u.tlog
e:\projekt_cpp_magazyn\projekt\magazyn\magazyn\magazyn\x64\debug\magazyn.tlog\metagen.read.1.tlog
e:\projekt_cpp_magazyn\projekt\magazyn\magazyn\magazyn\x64\debug\magazyn.tlog\mysql.data.dll.metagen
